#
# There is insufficient memory for the Java Runtime Environment to continue.
# Native memory allocation (malloc) failed to allocate 1048576 bytes. Error detail: AllocateHeap
# Possible reasons:
#   The system is out of physical RAM or swap space
#   This process is running with CompressedOops enabled, and the Java Heap may be blocking the growth of the native heap
# Possible solutions:
#   Reduce memory load on the system
#   Increase physical memory or swap space
#   Check if swap backing store is full
#   Decrease Java heap size (-Xmx/-Xms)
#   Decrease number of Java threads
#   Decrease Java thread stack sizes (-Xss)
#   Set larger code cache with -XX:ReservedCodeCacheSize=
#   JVM is running with Unscaled Compressed Oops mode in which the Java heap is
#     placed in the first 4GB address space. The Java Heap base address is the
#     maximum limit for the native heap growth. Please use -XX:HeapBaseMinAddress
#     to set the Java Heap base and to place the Java Heap above 4GB virtual address.
# This output file may be truncated or incomplete.
#
#  Out of Memory Error (allocation.cpp:44), pid=16348, tid=27488
#
# JRE version:  (21.0.8+9) (build )
# Java VM: OpenJDK 64-Bit Server VM (21.0.8+9-LTS, mixed mode, sharing, tiered, compressed oops, compressed class ptrs, g1 gc, windows-amd64)
# No core dump will be written. Minidumps are not enabled by default on client versions of Windows
#

---------------  S U M M A R Y ------------

Command Line: _1_ebaluazioko_azterketa_ariketa_1.ProzesuC

Host: AMD Ryzen 3 7330U with Radeon Graphics         , 8 cores, 5G,  Windows 11 , 64 bit Build 26100 (10.0.26100.6725)
Time: Mon Nov 10 08:34:17 2025 Hora estándar romance elapsed time: 1.026731 seconds (0d 0h 0m 1s)

---------------  T H R E A D  ---------------

Current thread (0x0000021981c90180):  JavaThread "Unknown thread" [_thread_in_vm, id=27488, stack(0x000000559a800000,0x000000559a900000) (1024K)]

Stack: [0x000000559a800000,0x000000559a900000]
Native frames: (J=compiled Java code, j=interpreted, Vv=VM code, C=native code)
V  [jvm.dll+0x6d2449]
V  [jvm.dll+0x8ae341]
V  [jvm.dll+0x8b08be]
V  [jvm.dll+0x8b0fa3]
V  [jvm.dll+0x280c96]
V  [jvm.dll+0xc0347]
V  [jvm.dll+0x334f55]
V  [jvm.dll+0x32d431]
V  [jvm.dll+0x8775d9]
V  [jvm.dll+0x3bed71]
V  [jvm.dll+0x8605d3]
V  [jvm.dll+0x4530ee]
V  [jvm.dll+0x454d31]
C  [jli.dll+0x5278]
C  [ucrtbase.dll+0x37b0]
C  [KERNEL32.DLL+0x2e8d7]
C  [ntdll.dll+0x8c53c]


---------------  P R O C E S S  ---------------

Threads class SMR info:
_java_thread_list=0x00007ff8e19711c8, length=0, elements={
}

Java Threads: ( => current thread )
Total: 0

Other Threads:
  0x0000021984150c80 WorkerThread "GC Thread#0"                     [id=21552, stack(0x000000559a900000,0x000000559aa00000) (1024K)]

[error occurred during error reporting (printing all threads), id 0xc0000005, EXCEPTION_ACCESS_VIOLATION (0xc0000005) at pc=0x00007ff8e1069af0]
VM state: not at safepoint (not fully initialized)

VM Mutex/Monitor currently owned by a thread:  ([mutex/lock_event])
[0x00007ff8e19e5558] Heap_lock - owner thread: 0x0000021981c90180

Heap address: 0x00000000a2600000, size: 1498 MB, Compressed Oops mode: 32-bit

CDS archive(s) mapped at: [0x0000000000000000-0x0000000000000000-0x0000000000000000), size 0, SharedBaseAddress: 0x0000000800000000, ArchiveRelocationMode: 1.
Narrow klass base: 0x0000000000000000, Narrow klass shift: 0, Narrow klass range: 0x0

GC Precious Log:
 CardTable entry size: 512
 Card Set container configuration: InlinePtr #cards 5 size 8 Array Of Cards #cards 12 size 40 Howl #buckets 4 coarsen threshold 1843 Howl Bitmap #cards 512 size 80 coarsen threshold 460 Card regions per heap region 1 cards per card region 2048

Heap:
 garbage-first heap   total 0K, used 0K [0x00000000a2600000, 0x0000000100000000)
  region size 1024K, 0 young (0K), 0 survivors (0K)

[error occurred during error reporting (printing heap information), id 0xc0000005, EXCEPTION_ACCESS_VIOLATION (0xc0000005) at pc=0x00007ff8e145bba9]
GC Heap History (0 events):
No events

Dll operation events (1 events):
Event: 0.010 Loaded shared library C:\Users\2AM3-4\Downloads\eclipse-java-2025-09-R-win32-x86_64\eclipse\plugins\org.eclipse.justj.openjdk.hotspot.jre.full.win32.x86_64_21.0.8.v20250724-1412\jre\bin\java.dll

Deoptimization events (0 events):
No events

Classes loaded (0 events):
No events

Classes unloaded (0 events):
No events

Classes redefined (0 events):
No events

Internal exceptions (0 events):
No events

ZGC Phase Switch (0 events):
No events

VM Operations (0 events):
No events

Memory protections (0 events):
No events

Nmethod flushes (0 events):
No events

Events (0 events):
No events


Dynamic libraries:
0x00007ff7068c0000 - 0x00007ff7068ce000 	C:\Users\2AM3-4\Downloads\eclipse-java-2025-09-R-win32-x86_64\eclipse\plugins\org.eclipse.justj.openjdk.hotspot.jre.full.win32.x86_64_21.0.8.v20250724-1412\jre\bin\java.exe
0x00007ff96f800000 - 0x00007ff96fa68000 	C:\WINDOWS\SYSTEM32\ntdll.dll
0x00007ff96e340000 - 0x00007ff96e409000 	C:\WINDOWS\System32\KERNEL32.DLL
0x00007ff96d040000 - 0x00007ff96d432000 	C:\WINDOWS\System32\KERNELBASE.dll
0x00007ff96cc00000 - 0x00007ff96cd4b000 	C:\WINDOWS\System32\ucrtbase.dll
0x00007ff959ae0000 - 0x00007ff959afe000 	C:\Users\2AM3-4\Downloads\eclipse-java-2025-09-R-win32-x86_64\eclipse\plugins\org.eclipse.justj.openjdk.hotspot.jre.full.win32.x86_64_21.0.8.v20250724-1412\jre\bin\VCRUNTIME140.dll
0x00007ff95cef0000 - 0x00007ff95cf08000 	C:\Users\2AM3-4\Downloads\eclipse-java-2025-09-R-win32-x86_64\eclipse\plugins\org.eclipse.justj.openjdk.hotspot.jre.full.win32.x86_64_21.0.8.v20250724-1412\jre\bin\jli.dll
0x00007ff96e170000 - 0x00007ff96e335000 	C:\WINDOWS\System32\USER32.dll
0x00007ff96cbd0000 - 0x00007ff96cbf7000 	C:\WINDOWS\System32\win32u.dll
0x00007ff94c050000 - 0x00007ff94c2e3000 	C:\WINDOWS\WinSxS\amd64_microsoft.windows.common-controls_6595b64144ccf1df_6.0.26100.6899_none_3e0efeeae32e88c1\COMCTL32.dll
0x00007ff96f380000 - 0x00007ff96f3ab000 	C:\WINDOWS\System32\GDI32.dll
0x00007ff96d750000 - 0x00007ff96d7f9000 	C:\WINDOWS\System32\msvcrt.dll
0x00007ff96c9f0000 - 0x00007ff96cb1d000 	C:\WINDOWS\System32\gdi32full.dll
0x00007ff96cb20000 - 0x00007ff96cbc3000 	C:\WINDOWS\System32\msvcp_win.dll
0x00007ff96ebc0000 - 0x00007ff96ebef000 	C:\WINDOWS\System32\IMM32.DLL
0x00007ff961150000 - 0x00007ff96115c000 	C:\Users\2AM3-4\Downloads\eclipse-java-2025-09-R-win32-x86_64\eclipse\plugins\org.eclipse.justj.openjdk.hotspot.jre.full.win32.x86_64_21.0.8.v20250724-1412\jre\bin\vcruntime140_1.dll
0x00007ff954570000 - 0x00007ff9545fd000 	C:\Users\2AM3-4\Downloads\eclipse-java-2025-09-R-win32-x86_64\eclipse\plugins\org.eclipse.justj.openjdk.hotspot.jre.full.win32.x86_64_21.0.8.v20250724-1412\jre\bin\msvcp140.dll
0x00007ff8e0d30000 - 0x00007ff8e1ac7000 	C:\Users\2AM3-4\Downloads\eclipse-java-2025-09-R-win32-x86_64\eclipse\plugins\org.eclipse.justj.openjdk.hotspot.jre.full.win32.x86_64_21.0.8.v20250724-1412\jre\bin\server\jvm.dll
0x00007ff96d800000 - 0x00007ff96d8b4000 	C:\WINDOWS\System32\ADVAPI32.dll
0x00007ff96db00000 - 0x00007ff96dba6000 	C:\WINDOWS\System32\sechost.dll
0x00007ff96f490000 - 0x00007ff96f5a8000 	C:\WINDOWS\System32\RPCRT4.dll
0x00007ff96ee70000 - 0x00007ff96eee4000 	C:\WINDOWS\System32\WS2_32.dll
0x00007ff96c7c0000 - 0x00007ff96c81e000 	C:\WINDOWS\SYSTEM32\POWRPROF.dll
0x00007ff965980000 - 0x00007ff96598b000 	C:\WINDOWS\SYSTEM32\VERSION.dll
0x00007ff9643f0000 - 0x00007ff964425000 	C:\WINDOWS\SYSTEM32\WINMM.dll
0x00007ff96c7a0000 - 0x00007ff96c7b4000 	C:\WINDOWS\SYSTEM32\UMPDC.dll
0x00007ff96b6f0000 - 0x00007ff96b70b000 	C:\WINDOWS\SYSTEM32\kernel.appcore.dll
0x00007ff954620000 - 0x00007ff95462a000 	C:\Users\2AM3-4\Downloads\eclipse-java-2025-09-R-win32-x86_64\eclipse\plugins\org.eclipse.justj.openjdk.hotspot.jre.full.win32.x86_64_21.0.8.v20250724-1412\jre\bin\jimage.dll
0x00007ff96a0c0000 - 0x00007ff96a302000 	C:\WINDOWS\SYSTEM32\DBGHELP.DLL
0x00007ff96dcf0000 - 0x00007ff96e06b000 	C:\WINDOWS\System32\combase.dll
0x00007ff96f3b0000 - 0x00007ff96f487000 	C:\WINDOWS\System32\OLEAUT32.dll
0x00007ff93dbd0000 - 0x00007ff93dc0c000 	C:\WINDOWS\SYSTEM32\dbgcore.DLL
0x00007ff96d500000 - 0x00007ff96d598000 	C:\WINDOWS\System32\bcryptPrimitives.dll
0x00007ff951850000 - 0x00007ff95186f000 	C:\Users\2AM3-4\Downloads\eclipse-java-2025-09-R-win32-x86_64\eclipse\plugins\org.eclipse.justj.openjdk.hotspot.jre.full.win32.x86_64_21.0.8.v20250724-1412\jre\bin\java.dll

JVMTI agents: none

dbghelp: loaded successfully - version: 4.0.5 - missing functions: none
symbol engine: initialized successfully - sym options: 0x614 - pdb path: .;C:\Users\2AM3-4\Downloads\eclipse-java-2025-09-R-win32-x86_64\eclipse\plugins\org.eclipse.justj.openjdk.hotspot.jre.full.win32.x86_64_21.0.8.v20250724-1412\jre\bin;C:\WINDOWS\SYSTEM32;C:\WINDOWS\WinSxS\amd64_microsoft.windows.common-controls_6595b64144ccf1df_6.0.26100.6899_none_3e0efeeae32e88c1;C:\Users\2AM3-4\Downloads\eclipse-java-2025-09-R-win32-x86_64\eclipse\plugins\org.eclipse.justj.openjdk.hotspot.jre.full.win32.x86_64_21.0.8.v20250724-1412\jre\bin\server

VM Arguments:
java_command: _1_ebaluazioko_azterketa_ariketa_1.ProzesuC
java_class_path (initial): bin
Launcher Type: SUN_STANDARD

[Global flags]
     intx CICompilerCount                          = 4                                         {product} {ergonomic}
     uint ConcGCThreads                            = 2                                         {product} {ergonomic}
     uint G1ConcRefinementThreads                  = 8                                         {product} {ergonomic}
   size_t G1HeapRegionSize                         = 1048576                                   {product} {ergonomic}
    uintx GCDrainStackTargetSize                   = 64                                        {product} {ergonomic}
   size_t InitialHeapSize                          = 98566144                                  {product} {ergonomic}
   size_t MarkStackSize                            = 4194304                                   {product} {ergonomic}
   size_t MaxHeapSize                              = 1570766848                                {product} {ergonomic}
   size_t MinHeapDeltaBytes                        = 1048576                                   {product} {ergonomic}
   size_t MinHeapSize                              = 8388608                                   {product} {ergonomic}
    uintx NonNMethodCodeHeapSize                   = 5839372                                {pd product} {ergonomic}
    uintx NonProfiledCodeHeapSize                  = 122909434                              {pd product} {ergonomic}
    uintx ProfiledCodeHeapSize                     = 122909434                              {pd product} {ergonomic}
    uintx ReservedCodeCacheSize                    = 251658240                              {pd product} {ergonomic}
     bool SegmentedCodeCache                       = true                                      {product} {ergonomic}
   size_t SoftMaxHeapSize                          = 1570766848                             {manageable} {ergonomic}
     bool UseCompressedOops                        = true                           {product lp64_product} {ergonomic}
     bool UseG1GC                                  = true                                      {product} {ergonomic}
     bool UseLargePagesIndividualAllocation        = false                                  {pd product} {ergonomic}

Logging:
Log output configuration:
 #0: stdout all=warning uptime,level,tags foldmultilines=false
 #1: stderr all=off uptime,level,tags foldmultilines=false

Environment Variables:
PATH=C:/Users/2AM3-4/Downloads/eclipse-java-2025-09-R-win32-x86_64/eclipse//plugins/org.eclipse.justj.openjdk.hotspot.jre.full.win32.x86_64_21.0.8.v20250724-1412/jre/bin/server;C:/Users/2AM3-4/Downloads/eclipse-java-2025-09-R-win32-x86_64/eclipse//plugins/org.eclipse.justj.openjdk.hotspot.jre.full.win32.x86_64_21.0.8.v20250724-1412/jre/bin;C:\Program Files\Common Files\Oracle\Java\javapath;C:\WINDOWS\system32;C:\WINDOWS;C:\WINDOWS\System32\Wbem;C:\WINDOWS\System32\WindowsPowerShell\v1.0\;C:\WINDOWS\System32\OpenSSH\;C:\Program Files\nodejs\;C:\Users\2AM3-4\AppData\Local\Microsoft\WindowsApps;C:\Users\2AM3-4\AppData\Local\Programs\Microsoft VS Code\bin;C:\Users\2AM3-4\AppData\Local\Programs\Git\cmd;C:\Users\2AM3-4\AppData\Roaming\npm;C:\Users\2AM3-4\Downloads\eclipse-java-2025-09-R-win32-x86_64\eclipse;
USERNAME=2AM3-4
OS=Windows_NT
PROCESSOR_IDENTIFIER=AMD64 Family 25 Model 80 Stepping 0, AuthenticAMD
TMP=C:\Users\2AM3-4\AppData\Local\Temp
TEMP=C:\Users\2AM3-4\AppData\Local\Temp




Periodic native trim disabled

---------------  S Y S T E M  ---------------

OS:
 Windows 11 , 64 bit Build 26100 (10.0.26100.6725)
OS uptime: 3 days 18:03 hours
Hyper-V role detected

CPU: total 8 (initial active 8) (8 cores per cpu, 2 threads per core) family 25 model 80 stepping 0 microcode 0xa50000f, cx8, cmov, fxsr, ht, mmx, 3dnowpref, sse, sse2, sse3, ssse3, sse4a, sse4.1, sse4.2, popcnt, lzcnt, tsc, tscinvbit, avx, avx2, aes, erms, clmul, bmi1, bmi2, adx, sha, fma, vzeroupper, clflush, clflushopt, hv, rdtscp, rdpid, fsrm, f16c, cet_ss
Processor Information for the first 8 processors :
  Max Mhz: 2301, Current Mhz: 2301, Mhz Limit: 2301

Memory: 4k page, system-wide physical 5985M (474M free)
TotalPageFile size 24417M (AvailPageFile size 6M)
current process WorkingSet (physical memory assigned to process): 12M, peak: 12M
current process commit charge ("private bytes"): 56M, peak: 57M

vm_info: OpenJDK 64-Bit Server VM (21.0.8+9-LTS) for windows-amd64 JRE (21.0.8+9-LTS), built on 2025-07-15T00:00:00Z by "admin" with MS VC++ 17.7 (VS2022)

END.
